Base path: C:/Program Files/Unity/Editor/Data
Cmd: initializeCompiler
Cmd: compileComputeKernel
<<<<<<< HEAD
  api=4 insize=13661 outsize=40201 ok=1
Cmd: compileComputeKernel
  api=4 insize=13661 outsize=48257 ok=1
Cmd: compileComputeKernel
  api=4 insize=13661 outsize=42741 ok=1
Cmd: compileComputeKernel
  api=4 insize=13661 outsize=35821 ok=1
Cmd: compileComputeKernel
  api=4 insize=13661 outsize=35845 ok=1
Cmd: compileComputeKernel
  api=4 insize=13661 outsize=61957 ok=1
Cmd: compileComputeKernel
  api=4 insize=13661 outsize=33953 ok=1
Cmd: compileComputeKernel
  api=4 insize=13661 outsize=35909 ok=1
Cmd: compileComputeKernel
  api=4 insize=13661 outsize=44125 ok=1
Cmd: compileComputeKernel
  api=4 insize=26681 outsize=14253 ok=1
Cmd: compileComputeKernel
  api=4 insize=26681 outsize=16041 ok=1
Cmd: compileComputeKernel
  api=4 insize=2059 outsize=1517 ok=1
Cmd: compileComputeKernel
  api=4 insize=10881 outsize=9849 ok=1
Cmd: compileComputeKernel
  api=9 insize=4845 outsize=10501 ok=1
Cmd: compileComputeKernel
  api=4 insize=3396 outsize=2581 ok=1
Cmd: compileComputeKernel
  api=4 insize=18299 outsize=8781 ok=1
Cmd: compileComputeKernel
  api=4 insize=19063 outsize=14241 ok=1
Cmd: compileComputeKernel
  api=4 insize=1806 outsize=1389 ok=1
Cmd: compileComputeKernel
  api=4 insize=20370 outsize=27309 ok=1
Cmd: compileComputeKernel
  api=4 insize=36517 outsize=32285 ok=1
Cmd: compileComputeKernel
  api=4 insize=17323 outsize=15157 ok=1
Cmd: compileComputeKernel
  api=4 insize=16866 outsize=4729 ok=1
Cmd: compileComputeKernel
  api=4 insize=16866 outsize=5233 ok=1
Cmd: compileComputeKernel
  api=4 insize=16866 outsize=7009 ok=1
Cmd: compileComputeKernel
  api=4 insize=16866 outsize=9453 ok=1
Cmd: compileComputeKernel
  api=4 insize=16866 outsize=6565 ok=1
Cmd: compileComputeKernel
  api=4 insize=16866 outsize=8269 ok=1
Cmd: compileComputeKernel
  api=4 insize=16866 outsize=8849 ok=1
Cmd: compileComputeKernel
  api=4 insize=16866 outsize=8805 ok=1
Cmd: compileComputeKernel
  api=4 insize=16866 outsize=11449 ok=1
Cmd: compileComputeKernel
  api=4 insize=1192 outsize=541 ok=1
Cmd: initializeCompiler
Cmd: initializeCompiler
Cmd: initializeCompiler
Cmd: initializeCompiler
Cmd: initializeCompiler
Cmd: initializeCompiler
Cmd: initializeCompiler
Cmd: initializeCompiler
Cmd: initializeCompiler
Cmd: initializeCompiler
Cmd: initializeCompiler
Cmd: initializeCompiler
Cmd: initializeCompiler
Cmd: initializeCompiler
Cmd: initializeCompiler
Cmd: initializeCompiler
Cmd: initializeCompiler
Cmd: initializeCompiler
Cmd: initializeCompiler
Cmd: initializeCompiler
Cmd: initializeCompiler
Cmd: initializeCompiler
Cmd: initializeCompiler
Cmd: initializeCompiler
Cmd: initializeCompiler
Cmd: initializeCompiler
Cmd: initializeCompiler
Cmd: initializeCompiler
Cmd: initializeCompiler
Cmd: initializeCompiler
Cmd: initializeCompiler
Cmd: initializeCompiler
Cmd: initializeCompiler
=======
  api=4 insize=13661 outsize=33449 ok=1
Cmd: compileComputeKernel
  api=4 insize=13661 outsize=59449 ok=1
Cmd: compileComputeKernel
  api=4 insize=13661 outsize=42741 ok=1
Cmd: compileComputeKernel
  api=4 insize=13661 outsize=48397 ok=1
Cmd: compileComputeKernel
  api=4 insize=13661 outsize=61957 ok=1
Cmd: compileComputeKernel
  api=4 insize=13661 outsize=44197 ok=1
Cmd: compileComputeKernel
  api=4 insize=13661 outsize=48101 ok=1
Cmd: compileComputeKernel
  api=4 insize=13661 outsize=92729 ok=1
Cmd: compileComputeKernel
  api=4 insize=26681 outsize=13793 ok=1
Cmd: compileComputeKernel
  api=4 insize=26681 outsize=16041 ok=1
Cmd: compileComputeKernel
  api=4 insize=2780 outsize=48145 ok=1
Cmd: compileComputeKernel
  api=4 insize=10881 outsize=9849 ok=1
Cmd: compileComputeKernel
  api=4 insize=8005 outsize=5001 ok=1
Cmd: compileComputeKernel
  api=9 insize=4845 outsize=7409 ok=1
Cmd: compileComputeKernel
  api=4 insize=18299 outsize=8781 ok=1
Cmd: compileComputeKernel
  api=4 insize=19063 outsize=15261 ok=1
Cmd: compileComputeKernel
  api=4 insize=21751 outsize=21785 ok=1
Cmd: compileComputeKernel
  api=4 insize=692 outsize=573 ok=1
Cmd: compileComputeKernel
  api=4 insize=1580 outsize=16105 ok=1
Cmd: compileComputeKernel
  api=4 insize=36517 outsize=32285 ok=1
Cmd: compileComputeKernel
  api=4 insize=16866 outsize=5809 ok=1
Cmd: compileComputeKernel
  api=4 insize=16866 outsize=6313 ok=1
Cmd: compileComputeKernel
  api=4 insize=16866 outsize=8013 ok=1
Cmd: compileComputeKernel
  api=4 insize=16866 outsize=8317 ok=1
Cmd: compileComputeKernel
  api=4 insize=16866 outsize=6877 ok=1
Cmd: compileComputeKernel
  api=4 insize=16866 outsize=6685 ok=1
Cmd: compileComputeKernel
  api=4 insize=16866 outsize=8461 ok=1
Cmd: compileComputeKernel
  api=4 insize=16866 outsize=10469 ok=1
Cmd: compileComputeKernel
  api=4 insize=16866 outsize=11229 ok=1
Cmd: compileComputeKernel
  api=4 insize=3265 outsize=4301 ok=1
>>>>>>> 68cae9712df0e4c92685e54456332e69b1aff7ec
Cmd: initializeCompiler
Cmd: initializeCompiler
Cmd: compileComputeKernel
  api=4 insize=14379 outsize=100617 ok=1
Cmd: compileComputeKernel
  api=4 insize=14379 outsize=42677 ok=1
Cmd: compileComputeKernel
  api=4 insize=14379 outsize=31401 ok=1
Cmd: compileComputeKernel
  api=4 insize=14379 outsize=49813 ok=1
Cmd: compileComputeKernel
  api=4 insize=14379 outsize=45657 ok=1
Cmd: compileComputeKernel
  api=4 insize=14379 outsize=72517 ok=1
Cmd: compileComputeKernel
  api=4 insize=26814 outsize=15341 ok=1
Cmd: compileComputeKernel
  api=4 insize=26814 outsize=16285 ok=1
Cmd: compileComputeKernel
  api=4 insize=19063 outsize=14241 ok=1
Cmd: compileComputeKernel
  api=4 insize=34758 outsize=34113 ok=1
Cmd: compileComputeKernel
  api=4 insize=34758 outsize=33321 ok=1
Cmd: compileComputeKernel
  api=4 insize=16360 outsize=7821 ok=1
Cmd: compileComputeKernel
  error: 2 plat 9 at Packages/com.unity.render-pipelines.high-definition/Runtime/Material/Decal/ShaderVariablesDecal.hlsl(18): #error "RWTexture2D" is not supported on GLES 3.0
  error: 2 plat 9 at Packages/com.unity.render-pipelines.high-definition/Runtime/ShaderLibrary/ShaderVariablesFunctions.hlsl(135): #error "SAMPLE_TEXTURECUBE_ARRAY" is not supported on GLES 3.0
  error: 2 plat 9 at Packages/com.unity.render-pipelines.high-definition/Runtime/ShaderLibrary/ShaderVariablesFunctions.hlsl(140): #error "SAMPLE_TEXTURECUBE_ARRAY_LOD" is not supported on GLES 3.0
  api=9 insize=3506 outsize=0 ok=0
Cmd: compileComputeKernel
  api=4 insize=16866 outsize=6121 ok=1
Cmd: compileComputeKernel
  api=4 insize=16866 outsize=6625 ok=1
Cmd: compileComputeKernel
  api=4 insize=16866 outsize=8469 ok=1
Cmd: compileComputeKernel
  api=4 insize=16866 outsize=9757 ok=1
Cmd: compileComputeKernel
  api=4 insize=16866 outsize=7381 ok=1
Cmd: compileComputeKernel
  api=4 insize=16866 outsize=8501 ok=1
Cmd: compileComputeKernel
  api=4 insize=16866 outsize=8277 ok=1
Cmd: compileComputeKernel
  api=4 insize=16866 outsize=10245 ok=1
Cmd: compileComputeKernel
  api=4 insize=3145 outsize=4233 ok=1
Cmd: compileComputeKernel
  api=4 insize=1192 outsize=541 ok=1
