Base path: C:/Program Files/Unity/Editor/Data
Cmd: initializeCompiler
Cmd: compileComputeKernel
  api=4 insize=13661 outsize=91085 ok=1
Cmd: compileComputeKernel
  api=4 insize=13661 outsize=71053 ok=1
Cmd: compileComputeKernel
  api=4 insize=13661 outsize=37837 ok=1
Cmd: compileComputeKernel
  api=4 insize=13661 outsize=49869 ok=1
Cmd: compileComputeKernel
  api=4 insize=13661 outsize=33825 ok=1
Cmd: compileComputeKernel
  api=4 insize=26681 outsize=16081 ok=1
Cmd: compileComputeKernel
  api=4 insize=4845 outsize=4101 ok=1
Cmd: compileComputeKernel
  api=4 insize=6353 outsize=1341 ok=1
Cmd: compileComputeKernel
  api=4 insize=18299 outsize=10377 ok=1
Cmd: compileComputeKernel
  api=4 insize=19063 outsize=14613 ok=1
Cmd: compileComputeKernel
  api=4 insize=5435 outsize=6445 ok=1
Cmd: compileComputeKernel
  api=4 insize=21751 outsize=21785 ok=1
Cmd: compileComputeKernel
  api=4 insize=36517 outsize=32285 ok=1
Cmd: compileComputeKernel
  error: 2 plat 9 at Packages/com.unity.render-pipelines.high-definition/Runtime/Material/Decal/ShaderVariablesDecal.hlsl(17): #errorRWTexture2D is not supported on GLES 3.0
  error: 2 plat 9 at Packages/com.unity.render-pipelines.high-definition/Runtime/ShaderLibrary/ShaderVariablesFunctions.hlsl(128): #errorSAMPLE_TEXTURECUBE_ARRAY is not supported on GLES 3.0
  error: 2 plat 9 at Packages/com.unity.render-pipelines.high-definition/Runtime/ShaderLibrary/ShaderVariablesFunctions.hlsl(133): #errorSAMPLE_TEXTURECUBE_ARRAY_LOD is not supported on GLES 3.0
  api=9 insize=3506 outsize=0 ok=0
Cmd: compileComputeKernel
  api=4 insize=16866 outsize=6121 ok=1
Cmd: compileComputeKernel
  api=4 insize=16866 outsize=6625 ok=1
Cmd: compileComputeKernel
  api=4 insize=16866 outsize=8469 ok=1
Cmd: compileComputeKernel
  api=4 insize=16866 outsize=9977 ok=1
Cmd: compileComputeKernel
  api=4 insize=16866 outsize=8773 ok=1
Cmd: compileComputeKernel
  api=4 insize=16866 outsize=11145 ok=1
Cmd: initializeCompiler
Cmd: initializeCompiler
Cmd: initializeCompiler
Cmd: initializeCompiler
Cmd: initializeCompiler
Cmd: initializeCompiler
Cmd: initializeCompiler
Cmd: initializeCompiler
Cmd: initializeCompiler
Cmd: initializeCompiler
Cmd: initializeCompiler
Cmd: initializeCompiler
Cmd: initializeCompiler
Cmd: initializeCompiler
Cmd: initializeCompiler
Cmd: initializeCompiler
Cmd: initializeCompiler
Cmd: initializeCompiler
Cmd: initializeCompiler
Cmd: initializeCompiler
Cmd: initializeCompiler
Cmd: initializeCompiler
Cmd: initializeCompiler
Cmd: initializeCompiler
Cmd: initializeCompiler
Cmd: initializeCompiler
Cmd: initializeCompiler
Cmd: initializeCompiler
Cmd: initializeCompiler
Cmd: initializeCompiler
Cmd: initializeCompiler
Cmd: initializeCompiler
Cmd: initializeCompiler
Cmd: initializeCompiler
