Base path: C:/Program Files/Unity/Editor/Data
Cmd: initializeCompiler
Cmd: compileComputeKernel
  api=4 insize=13661 outsize=40201 ok=1
Cmd: compileComputeKernel
  api=4 insize=13661 outsize=48257 ok=1
Cmd: compileComputeKernel
  api=4 insize=13661 outsize=36225 ok=1
Cmd: compileComputeKernel
  api=4 insize=13661 outsize=44141 ok=1
Cmd: compileComputeKernel
  api=4 insize=13661 outsize=46493 ok=1
Cmd: compileComputeKernel
  api=4 insize=13661 outsize=24017 ok=1
Cmd: compileComputeKernel
  api=4 insize=13661 outsize=42969 ok=1
Cmd: compileComputeKernel
  api=4 insize=13661 outsize=48469 ok=1
Cmd: compileComputeKernel
  api=4 insize=13661 outsize=49869 ok=1
Cmd: compileComputeKernel
  api=4 insize=13661 outsize=45397 ok=1
Cmd: compileComputeKernel
  api=4 insize=26681 outsize=15773 ok=1
Cmd: compileComputeKernel
  api=4 insize=26681 outsize=301 ok=1
Cmd: compileComputeKernel
  api=4 insize=1176 outsize=821 ok=1
Cmd: compileComputeKernel
  api=4 insize=2780 outsize=47805 ok=1
Cmd: compileComputeKernel
  api=4 insize=10881 outsize=9693 ok=1
Cmd: compileComputeKernel
  api=4 insize=4845 outsize=4101 ok=1
Cmd: compileComputeKernel
  api=4 insize=6353 outsize=1341 ok=1
Cmd: compileComputeKernel
  api=4 insize=11900 outsize=9925 ok=1
Cmd: compileComputeKernel
  api=4 insize=18299 outsize=8545 ok=1
Cmd: compileComputeKernel
  api=4 insize=18299 outsize=10769 ok=1
Cmd: compileComputeKernel
  api=4 insize=19063 outsize=13729 ok=1
Cmd: compileComputeKernel
  api=4 insize=1806 outsize=1389 ok=1
Cmd: compileComputeKernel
  api=4 insize=36517 outsize=49889 ok=1
Cmd: compileComputeKernel
  api=4 insize=17323 outsize=15121 ok=1
Cmd: compileComputeKernel
  error: 2 plat 9 at Packages/com.unity.render-pipelines.high-definition/Runtime/Material/Decal/ShaderVariablesDecal.hlsl(17): #errorRWTexture2D is not supported on GLES 3.0
  error: 2 plat 9 at Packages/com.unity.render-pipelines.high-definition/Runtime/ShaderLibrary/ShaderVariablesFunctions.hlsl(128): #errorSAMPLE_TEXTURECUBE_ARRAY is not supported on GLES 3.0
  error: 2 plat 9 at Packages/com.unity.render-pipelines.high-definition/Runtime/ShaderLibrary/ShaderVariablesFunctions.hlsl(133): #errorSAMPLE_TEXTURECUBE_ARRAY_LOD is not supported on GLES 3.0
  api=9 insize=3506 outsize=0 ok=0
Cmd: compileComputeKernel
  api=4 insize=16866 outsize=5113 ok=1
Cmd: compileComputeKernel
  api=4 insize=16866 outsize=5617 ok=1
Cmd: compileComputeKernel
  api=4 insize=16866 outsize=7397 ok=1
Cmd: compileComputeKernel
  api=4 insize=16866 outsize=7333 ok=1
Cmd: compileComputeKernel
  api=4 insize=16866 outsize=9301 ok=1
Cmd: compileComputeKernel
  api=4 insize=16866 outsize=8345 ok=1
Cmd: compileComputeKernel
  api=4 insize=16866 outsize=8957 ok=1
Cmd: compileComputeKernel
  api=4 insize=16866 outsize=9261 ok=1
Cmd: initializeCompiler
Cmd: initializeCompiler
Cmd: compileComputeKernel
  api=4 insize=14379 outsize=89229 ok=1
Cmd: compileComputeKernel
  api=4 insize=14379 outsize=48405 ok=1
Cmd: compileComputeKernel
  api=4 insize=14379 outsize=61861 ok=1
Cmd: compileComputeKernel
  api=4 insize=14379 outsize=44225 ok=1
Cmd: compileComputeKernel
  api=4 insize=14379 outsize=47969 ok=1
Cmd: compileComputeKernel
  api=4 insize=26814 outsize=15857 ok=1
Cmd: compileComputeKernel
  api=4 insize=26814 outsize=301 ok=1
Cmd: compileComputeKernel
  api=4 insize=19063 outsize=14377 ok=1
Cmd: compileComputeKernel
  api=4 insize=21751 outsize=21741 ok=1
Cmd: compileComputeKernel
  api=4 insize=34758 outsize=36293 ok=1
Cmd: compileComputeKernel
  api=4 insize=34758 outsize=34113 ok=1
Cmd: compileComputeKernel
  api=4 insize=8350 outsize=2077 ok=1
Cmd: compileComputeKernel
  api=4 insize=16360 outsize=7029 ok=1
Cmd: compileComputeKernel
  api=4 insize=3506 outsize=1685 ok=1
Cmd: compileComputeKernel
  api=4 insize=16866 outsize=5113 ok=1
Cmd: compileComputeKernel
  api=4 insize=16866 outsize=5617 ok=1
Cmd: compileComputeKernel
  api=4 insize=16866 outsize=7397 ok=1
Cmd: compileComputeKernel
  api=4 insize=16866 outsize=7333 ok=1
Cmd: compileComputeKernel
  api=4 insize=16866 outsize=9301 ok=1
Cmd: compileComputeKernel
  api=4 insize=16866 outsize=8345 ok=1
Cmd: compileComputeKernel
  api=4 insize=16866 outsize=8957 ok=1
Cmd: compileComputeKernel
  api=4 insize=16866 outsize=9261 ok=1
